<?xml version="1.0" encoding="UTF-8"?>
<!-- Generated by org.testng.reporters.JUnitXMLReporter -->
<testsuite ignored="0" hostname="Yekaterinas-MacBook-Pro.local" failures="0" tests="2" name="NegativeTests" time="5.052" errors="0" timestamp="2024-08-07T14:32:00 EDT">
  <testcase classname="com.herokuapp.theinternet.NegativeTests" name="incorrectPasswordTest" time="1.662"/>
  <testcase classname="com.herokuapp.theinternet.NegativeTests" name="incorrectUsernameTest" time="3.388"/>
</testsuite> <!-- NegativeTests -->
