<?xml version="1.0" encoding="UTF-8"?>
<!-- Generated by org.testng.reporters.JUnitXMLReporter -->
<testsuite ignored="1" hostname="Yekaterinas-MacBook-Pro.local" failures="0" tests="1" name="NegativeUserNameTests" time="9.67" errors="0" timestamp="2024-08-08T11:45:11 EDT">
  <testcase classname="com.herokuapp.theinternet.LoginTests" name="negativeLoginTest" time="1.936"/>
  <testcase classname="com.herokuapp.theinternet.LoginTests" name="positiveloginTest" time="0.0">
    <ignored/>
  </testcase> <!-- positiveloginTest -->
</testsuite> <!-- NegativeUserNameTests -->
