<?xml version="1.0" encoding="UTF-8"?>
<!-- Generated by org.testng.reporters.JUnitXMLReporter -->
<testsuite ignored="1" hostname="Yekaterinas-MacBook-Pro.local" failures="0" tests="1" name="PositiveTests" time="9.797" errors="0" timestamp="2024-08-08T11:45:02 EDT">
  <testcase classname="com.herokuapp.theinternet.LoginTests" name="positiveloginTest" time="2.045"/>
  <testcase classname="com.herokuapp.theinternet.LoginTests" name="negativeLoginTest" time="0.0">
    <ignored/>
  </testcase> <!-- negativeLoginTest -->
</testsuite> <!-- PositiveTests -->
