<?xml version="1.0" encoding="UTF-8"?>
<testng-results ignored="0" total="3" passed="3" failed="0" skipped="0">
  <reporter-output>
  </reporter-output>
  <suite started-at="2024-08-07T14:31:52 EDT" name="AllTests" finished-at="2024-08-07T14:32:00 EDT" duration-ms="7908">
    <groups>
    </groups>
    <test started-at="2024-08-07T14:31:52 EDT" name="PositiveTests" finished-at="2024-08-07T14:31:55 EDT" duration-ms="2834">
      <class name="com.herokuapp.theinternet.PositiveTests">
        <test-method signature="loginTest()[pri:0, instance:com.herokuapp.theinternet.PositiveTests@7692d9cc]" started-at="2024-08-07T14:31:52 EDT" name="loginTest" finished-at="2024-08-07T14:31:55 EDT" duration-ms="2818" status="PASS">
          <reporter-output>
          </reporter-output>
        </test-method> <!-- loginTest -->
      </class> <!-- com.herokuapp.theinternet.PositiveTests -->
    </test> <!-- PositiveTests -->
    <test started-at="2024-08-07T14:31:55 EDT" name="NegativeTests" finished-at="2024-08-07T14:32:00 EDT" duration-ms="5052">
      <class name="com.herokuapp.theinternet.NegativeTests">
        <test-method signature="incorrectPasswordTest()[pri:1, instance:com.herokuapp.theinternet.NegativeTests@1f0f1111]" started-at="2024-08-07T14:31:55 EDT" name="incorrectPasswordTest" finished-at="2024-08-07T14:31:57 EDT" duration-ms="1662" status="PASS">
          <reporter-output>
          </reporter-output>
        </test-method> <!-- incorrectPasswordTest -->
        <test-method signature="incorrectUsernameTest()[pri:1, instance:com.herokuapp.theinternet.NegativeTests@1f0f1111]" started-at="2024-08-07T14:31:57 EDT" name="incorrectUsernameTest" finished-at="2024-08-07T14:32:00 EDT" duration-ms="3388" status="PASS">
          <reporter-output>
          </reporter-output>
        </test-method> <!-- incorrectUsernameTest -->
      </class> <!-- com.herokuapp.theinternet.NegativeTests -->
    </test> <!-- NegativeTests -->
  </suite> <!-- AllTests -->
</testng-results>
